android/app/build/intermediates/manifest_merge_blame_file/debug/manifest-merger-blame-debug-report.txt
1<?xml version="1.0" encoding="utf-8"?>
2<manifest xmlns:android="http://schemas.android.com/apk/res/android"
3    package="com.todo"
4    android:versionCode="1"
5    android:versionName="1.0" >
6
7    <uses-sdk
8        android:minSdkVersion="21"
9        android:targetSdkVersion="30" />
10
11    <uses-permission android:name="android.permission.SYSTEM_ALERT_WINDOW" />
11-->src/debug/AndroidManifest.xml:5:5-77
11-->src/debug/AndroidManifest.xml:5:22-75
12    <uses-permission android:name="android.permission.INTERNET" />
12-->src/main/AndroidManifest.xml:4:5-67
12-->src/main/AndroidManifest.xml:4:22-64
13    <uses-permission android:name="android.permission.WAKE_LOCK" />
13-->src/main/AndroidManifest.xml:5:5-68
13-->src/main/AndroidManifest.xml:5:22-65
14
15    <permission
16        android:name="com.todo.permission.C2D_MESSAGE"
17        android:protectionLevel="signature" />
18
19    <uses-permission android:name="com.todo.permission.C2D_MESSAGE" />
20    <uses-permission android:name="android.permission.VIBRATE" />
20-->src/main/AndroidManifest.xml:10:5-66
20-->src/main/AndroidManifest.xml:10:22-63
21    <uses-permission android:name="android.permission.RECEIVE_BOOT_COMPLETED" />
21-->src/main/AndroidManifest.xml:11:5-80
21-->src/main/AndroidManifest.xml:11:22-78
22    <uses-permission android:name="android.permission.ACCESS_WIFI_STATE" />
22-->[com.facebook.flipper:flipper:0.75.1] AndroidManifest.xml:16:5-76
22-->[com.facebook.flipper:flipper:0.75.1] AndroidManifest.xml:16:22-73
23    <uses-permission android:name="android.permission.ACCESS_NETWORK_STATE" /> <!-- c2dm RECEIVE are basic requirements for push messages through Google's FCM -->
23-->[:react-native-firebase_messaging] AndroidManifest.xml:13:5-79
23-->[:react-native-firebase_messaging] AndroidManifest.xml:13:22-76
24    <uses-permission android:name="com.google.android.c2dm.permission.RECEIVE" /> <!-- START: ShortcutBadger -->
24-->[com.onesignal:OneSignal:4.6.7] AndroidManifest.xml:17:5-82
24-->[com.onesignal:OneSignal:4.6.7] AndroidManifest.xml:17:22-79
25    <!-- Samsung -->
26    <uses-permission android:name="com.sec.android.provider.badge.permission.READ" />
26-->[com.onesignal:OneSignal:4.6.7] AndroidManifest.xml:31:5-86
26-->[com.onesignal:OneSignal:4.6.7] AndroidManifest.xml:31:22-83
27    <uses-permission android:name="com.sec.android.provider.badge.permission.WRITE" /> <!-- HTC -->
27-->[com.onesignal:OneSignal:4.6.7] AndroidManifest.xml:32:5-87
27-->[com.onesignal:OneSignal:4.6.7] AndroidManifest.xml:32:22-84
28    <uses-permission android:name="com.htc.launcher.permission.READ_SETTINGS" />
28-->[com.onesignal:OneSignal:4.6.7] AndroidManifest.xml:33:5-81
28-->[com.onesignal:OneSignal:4.6.7] AndroidManifest.xml:33:22-78
29    <uses-permission android:name="com.htc.launcher.permission.UPDATE_SHORTCUT" /> <!-- Sony -->
29-->[com.onesignal:OneSignal:4.6.7] AndroidManifest.xml:34:5-83
29-->[com.onesignal:OneSignal:4.6.7] AndroidManifest.xml:34:22-80
30    <uses-permission android:name="com.sonyericsson.home.permission.BROADCAST_BADGE" />
30-->[com.onesignal:OneSignal:4.6.7] AndroidManifest.xml:35:5-88
30-->[com.onesignal:OneSignal:4.6.7] AndroidManifest.xml:35:22-85
31    <uses-permission android:name="com.sonymobile.home.permission.PROVIDER_INSERT_BADGE" /> <!-- Apex -->
31-->[com.onesignal:OneSignal:4.6.7] AndroidManifest.xml:36:5-92
31-->[com.onesignal:OneSignal:4.6.7] AndroidManifest.xml:36:22-89
32    <uses-permission android:name="com.anddoes.launcher.permission.UPDATE_COUNT" /> <!-- Solid -->
32-->[com.onesignal:OneSignal:4.6.7] AndroidManifest.xml:37:5-84
32-->[com.onesignal:OneSignal:4.6.7] AndroidManifest.xml:37:22-81
33    <uses-permission android:name="com.majeur.launcher.permission.UPDATE_BADGE" /> <!-- Huawei -->
33-->[com.onesignal:OneSignal:4.6.7] AndroidManifest.xml:38:5-83
33-->[com.onesignal:OneSignal:4.6.7] AndroidManifest.xml:38:22-80
34    <uses-permission android:name="com.huawei.android.launcher.permission.CHANGE_BADGE" />
34-->[com.onesignal:OneSignal:4.6.7] AndroidManifest.xml:39:5-91
34-->[com.onesignal:OneSignal:4.6.7] AndroidManifest.xml:39:22-88
35    <uses-permission android:name="com.huawei.android.launcher.permission.READ_SETTINGS" />
35-->[com.onesignal:OneSignal:4.6.7] AndroidManifest.xml:40:5-92
35-->[com.onesignal:OneSignal:4.6.7] AndroidManifest.xml:40:22-89
36    <uses-permission android:name="com.huawei.android.launcher.permission.WRITE_SETTINGS" /> <!-- ZUK -->
36-->[com.onesignal:OneSignal:4.6.7] AndroidManifest.xml:41:5-93
36-->[com.onesignal:OneSignal:4.6.7] AndroidManifest.xml:41:22-90
37    <uses-permission android:name="android.permission.READ_APP_BADGE" /> <!-- OPPO -->
37-->[com.onesignal:OneSignal:4.6.7] AndroidManifest.xml:42:5-73
37-->[com.onesignal:OneSignal:4.6.7] AndroidManifest.xml:42:22-70
38    <uses-permission android:name="com.oppo.launcher.permission.READ_SETTINGS" />
38-->[com.onesignal:OneSignal:4.6.7] AndroidManifest.xml:43:5-82
38-->[com.onesignal:OneSignal:4.6.7] AndroidManifest.xml:43:22-79
39    <uses-permission android:name="com.oppo.launcher.permission.WRITE_SETTINGS" /> <!-- EvMe -->
39-->[com.onesignal:OneSignal:4.6.7] AndroidManifest.xml:44:5-83
39-->[com.onesignal:OneSignal:4.6.7] AndroidManifest.xml:44:22-80
40    <uses-permission android:name="me.everything.badger.permission.BADGE_COUNT_READ" />
40-->[com.onesignal:OneSignal:4.6.7] AndroidManifest.xml:45:5-88
40-->[com.onesignal:OneSignal:4.6.7] AndroidManifest.xml:45:22-85
41    <uses-permission android:name="me.everything.badger.permission.BADGE_COUNT_WRITE" />
41-->[com.onesignal:OneSignal:4.6.7] AndroidManifest.xml:46:5-89
41-->[com.onesignal:OneSignal:4.6.7] AndroidManifest.xml:46:22-86
42    <uses-permission android:name="android.permission.FOREGROUND_SERVICE" />
42-->[androidx.work:work-runtime:2.6.0] AndroidManifest.xml:28:5-77
42-->[androidx.work:work-runtime:2.6.0] AndroidManifest.xml:28:22-74
43
44    <application
44-->src/main/AndroidManifest.xml:13:5-66:19
45        android:name="com.todo.MainApplication"
45-->src/main/AndroidManifest.xml:15:7-38
46        android:allowBackup="false"
46-->src/main/AndroidManifest.xml:19:7-34
47        android:appComponentFactory="androidx.core.app.CoreComponentFactory"
47-->[androidx.core:core:1.2.0] AndroidManifest.xml:24:18-86
48        android:debuggable="true"
49        android:icon="@mipmap/ic_launcher"
49-->src/main/AndroidManifest.xml:17:7-41
50        android:label="@string/app_name"
50-->src/main/AndroidManifest.xml:16:7-39
51        android:roundIcon="@mipmap/ic_launcher_round"
51-->src/main/AndroidManifest.xml:18:7-52
52        android:theme="@style/AppTheme"
52-->src/main/AndroidManifest.xml:20:7-38
53        android:usesCleartextTraffic="true" >
53-->src/main/AndroidManifest.xml:14:7-42
54        <activity android:name="com.facebook.react.devsupport.DevSettingsActivity" />
54-->src/debug/AndroidManifest.xml:11:9-86
54-->src/debug/AndroidManifest.xml:11:19-83
55
56        <meta-data
56-->src/main/AndroidManifest.xml:23:7-24:67
57            android:name="com.dieam.reactnativepushnotification.notification_channel_name"
57-->src/main/AndroidManifest.xml:23:19-97
58            android:value="YOUR NOTIFICATION CHANNEL NAME" />
58-->src/main/AndroidManifest.xml:24:19-65
59        <meta-data
59-->src/main/AndroidManifest.xml:25:7-26:70
60            android:name="com.dieam.reactnativepushnotification.notification_channel_description"
60-->src/main/AndroidManifest.xml:25:19-104
61            android:value="YOUR NOTIFICATION CHANNEL DESCRIPTION" />
61-->src/main/AndroidManifest.xml:26:15-68
62        <meta-data
62-->src/main/AndroidManifest.xml:27:7-28:56
63            android:name="com.dieam.reactnativepushnotification.notification_color"
63-->src/main/AndroidManifest.xml:27:19-90
64            android:resource="@android:color/white" />
64-->src/main/AndroidManifest.xml:28:15-54
65
66        <receiver
66-->src/main/AndroidManifest.xml:30:7-38:18
67            android:name="com.google.android.gms.gcm.GcmReceiver"
67-->src/main/AndroidManifest.xml:31:7-60
68            android:exported="true"
68-->src/main/AndroidManifest.xml:32:7-30
69            android:permission="com.google.android.c2dm.permission.SEND" >
69-->src/main/AndroidManifest.xml:33:7-67
70            <intent-filter>
70-->src/main/AndroidManifest.xml:34:7-37:23
71                <action android:name="com.google.android.c2dm.intent.RECEIVE" />
71-->src/main/AndroidManifest.xml:35:11-75
71-->src/main/AndroidManifest.xml:35:19-72
72
73                <category android:name="com.todo" />
74            </intent-filter>
75        </receiver>
76        <receiver android:name="com.dieam.reactnativepushnotification.modules.RNPushNotificationPublisher" />
76-->src/main/AndroidManifest.xml:40:7-108
76-->src/main/AndroidManifest.xml:40:17-105
77        <receiver android:name="com.dieam.reactnativepushnotification.modules.RNPushNotificationBootEventReceiver" >
77-->src/main/AndroidManifest.xml:41:7-45:18
77-->src/main/AndroidManifest.xml:41:17-113
78            <intent-filter>
78-->src/main/AndroidManifest.xml:42:7-44:23
79                <action android:name="android.intent.action.BOOT_COMPLETED" />
79-->src/main/AndroidManifest.xml:43:11-73
79-->src/main/AndroidManifest.xml:43:19-70
80            </intent-filter>
81        </receiver>
82
83        <service android:name="com.dieam.reactnativepushnotification.modules.RNPushNotificationRegistrationService" />
83-->src/main/AndroidManifest.xml:46:7-116
83-->src/main/AndroidManifest.xml:46:16-114
84        <service
84-->src/main/AndroidManifest.xml:47:7-53:17
85            android:name="com.dieam.reactnativepushnotification.modules.RNPushNotificationListenerService"
85-->src/main/AndroidManifest.xml:48:7-101
86            android:exported="false" >
86-->src/main/AndroidManifest.xml:49:7-31
87            <intent-filter>
87-->src/main/AndroidManifest.xml:50:7-52:23
88                <action android:name="com.google.firebase.MESSAGING_EVENT" />
88-->src/main/AndroidManifest.xml:51:11-72
88-->src/main/AndroidManifest.xml:51:19-69
89            </intent-filter>
90        </service>
91
92        <activity
92-->src/main/AndroidManifest.xml:55:7-65:18
93            android:name="com.todo.MainActivity"
93-->src/main/AndroidManifest.xml:56:9-37
94            android:configChanges="keyboard|keyboardHidden|orientation|screenSize|uiMode"
94-->src/main/AndroidManifest.xml:58:9-86
95            android:label="@string/app_name"
95-->src/main/AndroidManifest.xml:57:9-41
96            android:launchMode="singleTask"
96-->src/main/AndroidManifest.xml:59:9-40
97            android:windowSoftInputMode="adjustResize" >
97-->src/main/AndroidManifest.xml:60:9-51
98            <intent-filter>
98-->src/main/AndroidManifest.xml:61:9-64:25
99                <action android:name="android.intent.action.MAIN" />
99-->src/main/AndroidManifest.xml:62:13-65
99-->src/main/AndroidManifest.xml:62:21-62
100
101                <category android:name="android.intent.category.LAUNCHER" />
101-->src/main/AndroidManifest.xml:63:13-73
101-->src/main/AndroidManifest.xml:63:23-70
102            </intent-filter>
103        </activity>
104
105        <service android:name="io.invertase.firebase.messaging.ReactNativeFirebaseMessagingHeadlessService" />
105-->[:react-native-firebase_messaging] AndroidManifest.xml:16:9-111
105-->[:react-native-firebase_messaging] AndroidManifest.xml:16:18-108
106        <service
106-->[:react-native-firebase_messaging] AndroidManifest.xml:17:9-23:19
107            android:name="io.invertase.firebase.messaging.ReactNativeFirebaseMessagingService"
107-->[:react-native-firebase_messaging] AndroidManifest.xml:18:13-95
108            android:exported="false" >
108-->[:react-native-firebase_messaging] AndroidManifest.xml:19:13-37
109            <intent-filter>
109-->src/main/AndroidManifest.xml:50:7-52:23
110                <action android:name="com.google.firebase.MESSAGING_EVENT" />
110-->src/main/AndroidManifest.xml:51:11-72
110-->src/main/AndroidManifest.xml:51:19-69
111            </intent-filter>
112        </service>
113
114        <receiver
114-->[:react-native-firebase_messaging] AndroidManifest.xml:25:9-32:20
115            android:name="io.invertase.firebase.messaging.ReactNativeFirebaseMessagingReceiver"
115-->[:react-native-firebase_messaging] AndroidManifest.xml:26:13-96
116            android:exported="true"
116-->[:react-native-firebase_messaging] AndroidManifest.xml:27:13-36
117            android:permission="com.google.android.c2dm.permission.SEND" >
117-->[:react-native-firebase_messaging] AndroidManifest.xml:28:13-73
118            <intent-filter>
118-->[:react-native-firebase_messaging] AndroidManifest.xml:29:13-31:29
119                <action android:name="com.google.android.c2dm.intent.RECEIVE" />
119-->src/main/AndroidManifest.xml:35:11-75
119-->src/main/AndroidManifest.xml:35:19-72
120            </intent-filter>
121        </receiver>
122
123        <meta-data
123-->[:react-native-firebase_messaging] AndroidManifest.xml:34:9-36:36
124            android:name="firebase_messaging_auto_init_enabled"
124-->[:react-native-firebase_messaging] AndroidManifest.xml:35:13-64
125            android:value="true" />
125-->[:react-native-firebase_messaging] AndroidManifest.xml:36:13-33
126        <meta-data
126-->[:react-native-firebase_messaging] AndroidManifest.xml:37:9-39:32
127            android:name="com.google.firebase.messaging.default_notification_channel_id"
127-->[:react-native-firebase_messaging] AndroidManifest.xml:38:13-89
128            android:value="" />
128-->[:react-native-firebase_messaging] AndroidManifest.xml:39:13-29
129        <meta-data
129-->[:react-native-firebase_messaging] AndroidManifest.xml:40:9-42:47
130            android:name="com.google.firebase.messaging.default_notification_color"
130-->[:react-native-firebase_messaging] AndroidManifest.xml:41:13-84
131            android:resource="@color/white" />
131-->[:react-native-firebase_messaging] AndroidManifest.xml:42:13-44
132        <meta-data
132-->[:react-native-firebase_app] AndroidManifest.xml:12:9-14:36
133            android:name="app_data_collection_default_enabled"
133-->[:react-native-firebase_app] AndroidManifest.xml:13:13-63
134            android:value="true" />
134-->[:react-native-firebase_app] AndroidManifest.xml:14:13-33
135
136        <service
136-->[:react-native-firebase_app] AndroidManifest.xml:16:9-20:19
137            android:name="com.google.firebase.components.ComponentDiscoveryService"
137-->[:react-native-firebase_app] AndroidManifest.xml:16:18-89
138            android:directBootAware="true"
138-->[com.google.firebase:firebase-common:20.0.0] AndroidManifest.xml:35:13-43
139            android:exported="false" >
139-->[com.google.firebase:firebase-messaging:23.0.0] AndroidManifest.xml:51:13-37
140            <meta-data
140-->[:react-native-firebase_app] AndroidManifest.xml:17:13-19:85
141                android:name="com.google.firebase.components:io.invertase.firebase.app.ReactNativeFirebaseAppRegistrar"
141-->[:react-native-firebase_app] AndroidManifest.xml:18:17-120
142                android:value="com.google.firebase.components.ComponentRegistrar" />
142-->[:react-native-firebase_app] AndroidManifest.xml:19:17-82
143            <meta-data
143-->[com.google.firebase:firebase-messaging:23.0.0] AndroidManifest.xml:52:13-54:85
144                android:name="com.google.firebase.components:com.google.firebase.messaging.FirebaseMessagingRegistrar"
144-->[com.google.firebase:firebase-messaging:23.0.0] AndroidManifest.xml:53:17-119
145                android:value="com.google.firebase.components.ComponentRegistrar" />
145-->[com.google.firebase:firebase-messaging:23.0.0] AndroidManifest.xml:54:17-82
146            <meta-data
146-->[com.google.firebase:firebase-datatransport:18.0.0] AndroidManifest.xml:28:13-30:85
147                android:name="com.google.firebase.components:com.google.firebase.datatransport.TransportRegistrar"
147-->[com.google.firebase:firebase-datatransport:18.0.0] AndroidManifest.xml:29:17-115
148                android:value="com.google.firebase.components.ComponentRegistrar" />
148-->[com.google.firebase:firebase-datatransport:18.0.0] AndroidManifest.xml:30:17-82
149            <meta-data
149-->[com.google.firebase:firebase-installations:17.0.0] AndroidManifest.xml:18:13-20:85
150                android:name="com.google.firebase.components:com.google.firebase.installations.FirebaseInstallationsRegistrar"
150-->[com.google.firebase:firebase-installations:17.0.0] AndroidManifest.xml:19:17-127
151                android:value="com.google.firebase.components.ComponentRegistrar" />
151-->[com.google.firebase:firebase-installations:17.0.0] AndroidManifest.xml:20:17-82
152        </service>
153
154        <provider
154-->[:react-native-firebase_app] AndroidManifest.xml:22:9-26:38
155            android:name="io.invertase.firebase.app.ReactNativeFirebaseAppInitProvider"
155-->[:react-native-firebase_app] AndroidManifest.xml:23:13-88
156            android:authorities="com.todo.reactnativefirebaseappinitprovider"
156-->[:react-native-firebase_app] AndroidManifest.xml:24:13-86
157            android:exported="false"
157-->[:react-native-firebase_app] AndroidManifest.xml:25:13-37
158            android:initOrder="99" />
158-->[:react-native-firebase_app] AndroidManifest.xml:26:13-35
159
160        <receiver
160-->[com.onesignal:OneSignal:4.6.7] AndroidManifest.xml:49:9-60:20
161            android:name="com.onesignal.FCMBroadcastReceiver"
161-->[com.onesignal:OneSignal:4.6.7] AndroidManifest.xml:50:13-62
162            android:exported="true"
162-->[com.onesignal:OneSignal:4.6.7] AndroidManifest.xml:51:13-36
163            android:permission="com.google.android.c2dm.permission.SEND" >
163-->[com.onesignal:OneSignal:4.6.7] AndroidManifest.xml:52:13-73
164
165            <!-- High priority so OneSignal payloads can be filtered from other FCM receivers -->
166            <intent-filter android:priority="999" >
166-->src/main/AndroidManifest.xml:34:7-37:23
167                <action android:name="com.google.android.c2dm.intent.RECEIVE" />
167-->src/main/AndroidManifest.xml:35:11-75
167-->src/main/AndroidManifest.xml:35:19-72
168
169                <category android:name="com.todo" />
170            </intent-filter>
171        </receiver>
172
173        <service
173-->[com.onesignal:OneSignal:4.6.7] AndroidManifest.xml:62:9-68:19
174            android:name="com.onesignal.HmsMessageServiceOneSignal"
174-->[com.onesignal:OneSignal:4.6.7] AndroidManifest.xml:63:13-68
175            android:exported="false" >
175-->[com.onesignal:OneSignal:4.6.7] AndroidManifest.xml:64:13-37
176            <intent-filter>
176-->[com.onesignal:OneSignal:4.6.7] AndroidManifest.xml:65:13-67:29
177                <action android:name="com.huawei.push.action.MESSAGING_EVENT" />
177-->[com.onesignal:OneSignal:4.6.7] AndroidManifest.xml:66:17-81
177-->[com.onesignal:OneSignal:4.6.7] AndroidManifest.xml:66:25-78
178            </intent-filter>
179        </service>
180
181        <activity
181-->[com.onesignal:OneSignal:4.6.7] AndroidManifest.xml:70:9-78:20
182            android:name="com.onesignal.NotificationOpenedActivityHMS"
182-->[com.onesignal:OneSignal:4.6.7] AndroidManifest.xml:71:13-71
183            android:exported="true"
183-->[com.onesignal:OneSignal:4.6.7] AndroidManifest.xml:72:13-36
184            android:noHistory="true"
184-->[com.onesignal:OneSignal:4.6.7] AndroidManifest.xml:73:13-37
185            android:theme="@android:style/Theme.Translucent.NoTitleBar" >
185-->[com.onesignal:OneSignal:4.6.7] AndroidManifest.xml:74:13-72
186            <intent-filter>
186-->[com.onesignal:OneSignal:4.6.7] AndroidManifest.xml:75:13-77:29
187                <action android:name="android.intent.action.VIEW" />
187-->[com.onesignal:OneSignal:4.6.7] AndroidManifest.xml:76:17-69
187-->[com.onesignal:OneSignal:4.6.7] AndroidManifest.xml:76:25-66
188            </intent-filter>
189        </activity>
190
191        <service
191-->[com.onesignal:OneSignal:4.6.7] AndroidManifest.xml:80:9-82:40
192            android:name="com.onesignal.FCMIntentService"
192-->[com.onesignal:OneSignal:4.6.7] AndroidManifest.xml:81:13-58
193            android:exported="false" />
193-->[com.onesignal:OneSignal:4.6.7] AndroidManifest.xml:82:13-37
194        <service
194-->[com.onesignal:OneSignal:4.6.7] AndroidManifest.xml:83:9-86:72
195            android:name="com.onesignal.FCMIntentJobService"
195-->[com.onesignal:OneSignal:4.6.7] AndroidManifest.xml:84:13-61
196            android:exported="false"
196-->[com.onesignal:OneSignal:4.6.7] AndroidManifest.xml:85:13-37
197            android:permission="android.permission.BIND_JOB_SERVICE" />
197-->[com.onesignal:OneSignal:4.6.7] AndroidManifest.xml:86:13-69
198        <service
198-->[com.onesignal:OneSignal:4.6.7] AndroidManifest.xml:87:9-90:43
199            android:name="com.onesignal.SyncService"
199-->[com.onesignal:OneSignal:4.6.7] AndroidManifest.xml:88:13-53
200            android:exported="false"
200-->[com.onesignal:OneSignal:4.6.7] AndroidManifest.xml:89:13-37
201            android:stopWithTask="true" />
201-->[com.onesignal:OneSignal:4.6.7] AndroidManifest.xml:90:13-40
202        <service
202-->[com.onesignal:OneSignal:4.6.7] AndroidManifest.xml:91:9-94:72
203            android:name="com.onesignal.SyncJobService"
203-->[com.onesignal:OneSignal:4.6.7] AndroidManifest.xml:92:13-56
204            android:exported="false"
204-->[com.onesignal:OneSignal:4.6.7] AndroidManifest.xml:93:13-37
205            android:permission="android.permission.BIND_JOB_SERVICE" />
205-->[com.onesignal:OneSignal:4.6.7] AndroidManifest.xml:94:13-69
206
207        <activity
207-->[com.onesignal:OneSignal:4.6.7] AndroidManifest.xml:96:9-99:75
208            android:name="com.onesignal.PermissionsActivity"
208-->[com.onesignal:OneSignal:4.6.7] AndroidManifest.xml:97:13-61
209            android:exported="false"
209-->[com.onesignal:OneSignal:4.6.7] AndroidManifest.xml:98:13-37
210            android:theme="@android:style/Theme.Translucent.NoTitleBar" />
210-->[com.onesignal:OneSignal:4.6.7] AndroidManifest.xml:99:13-72
211
212        <receiver
212-->[com.onesignal:OneSignal:4.6.7] AndroidManifest.xml:101:9-103:39
213            android:name="com.onesignal.NotificationDismissReceiver"
213-->[com.onesignal:OneSignal:4.6.7] AndroidManifest.xml:102:13-69
214            android:exported="true" />
214-->[com.onesignal:OneSignal:4.6.7] AndroidManifest.xml:103:13-36
215        <receiver
215-->[com.onesignal:OneSignal:4.6.7] AndroidManifest.xml:104:9-111:20
216            android:name="com.onesignal.BootUpReceiver"
216-->[com.onesignal:OneSignal:4.6.7] AndroidManifest.xml:105:13-56
217            android:exported="true" >
217-->[com.onesignal:OneSignal:4.6.7] AndroidManifest.xml:106:13-36
218            <intent-filter>
218-->[com.onesignal:OneSignal:4.6.7] AndroidManifest.xml:107:13-110:29
219                <action android:name="android.intent.action.BOOT_COMPLETED" />
219-->src/main/AndroidManifest.xml:43:11-73
219-->src/main/AndroidManifest.xml:43:19-70
220                <action android:name="android.intent.action.QUICKBOOT_POWERON" />
220-->[com.onesignal:OneSignal:4.6.7] AndroidManifest.xml:109:17-82
220-->[com.onesignal:OneSignal:4.6.7] AndroidManifest.xml:109:25-79
221            </intent-filter>
222        </receiver>
223        <receiver
223-->[com.onesignal:OneSignal:4.6.7] AndroidManifest.xml:112:9-118:20
224            android:name="com.onesignal.UpgradeReceiver"
224-->[com.onesignal:OneSignal:4.6.7] AndroidManifest.xml:113:13-57
225            android:exported="true" >
225-->[com.onesignal:OneSignal:4.6.7] AndroidManifest.xml:114:13-36
226            <intent-filter>
226-->[com.onesignal:OneSignal:4.6.7] AndroidManifest.xml:115:13-117:29
227                <action android:name="android.intent.action.MY_PACKAGE_REPLACED" />
227-->[com.onesignal:OneSignal:4.6.7] AndroidManifest.xml:116:17-84
227-->[com.onesignal:OneSignal:4.6.7] AndroidManifest.xml:116:25-81
228            </intent-filter>
229        </receiver>
230
231        <activity
231-->[com.onesignal:OneSignal:4.6.7] AndroidManifest.xml:120:9-126:75
232            android:name="com.onesignal.NotificationOpenedReceiver"
232-->[com.onesignal:OneSignal:4.6.7] AndroidManifest.xml:121:13-68
233            android:excludeFromRecents="true"
233-->[com.onesignal:OneSignal:4.6.7] AndroidManifest.xml:122:13-46
234            android:exported="true"
234-->[com.onesignal:OneSignal:4.6.7] AndroidManifest.xml:123:13-36
235            android:noHistory="true"
235-->[com.onesignal:OneSignal:4.6.7] AndroidManifest.xml:124:13-37
236            android:taskAffinity=""
236-->[com.onesignal:OneSignal:4.6.7] AndroidManifest.xml:125:13-36
237            android:theme="@android:style/Theme.Translucent.NoTitleBar" />
237-->[com.onesignal:OneSignal:4.6.7] AndroidManifest.xml:126:13-72
238        <activity
238-->[com.onesignal:OneSignal:4.6.7] AndroidManifest.xml:127:9-132:75
239            android:name="com.onesignal.NotificationOpenedReceiverAndroid22AndOlder"
239-->[com.onesignal:OneSignal:4.6.7] AndroidManifest.xml:128:13-85
240            android:excludeFromRecents="true"
240-->[com.onesignal:OneSignal:4.6.7] AndroidManifest.xml:129:13-46
241            android:exported="true"
241-->[com.onesignal:OneSignal:4.6.7] AndroidManifest.xml:130:13-36
242            android:noHistory="true"
242-->[com.onesignal:OneSignal:4.6.7] AndroidManifest.xml:131:13-37
243            android:theme="@android:style/Theme.Translucent.NoTitleBar" />
243-->[com.onesignal:OneSignal:4.6.7] AndroidManifest.xml:132:13-72
244
245        <provider
245-->[androidx.work:work-runtime:2.6.0] AndroidManifest.xml:31:9-39:20
246            android:name="androidx.startup.InitializationProvider"
246-->[androidx.work:work-runtime:2.6.0] AndroidManifest.xml:32:13-67
247            android:authorities="com.todo.androidx-startup"
247-->[androidx.work:work-runtime:2.6.0] AndroidManifest.xml:33:13-68
248            android:exported="false" >
248-->[androidx.work:work-runtime:2.6.0] AndroidManifest.xml:34:13-37
249            <meta-data
249-->[androidx.work:work-runtime:2.6.0] AndroidManifest.xml:36:13-38:52
250                android:name="androidx.work.WorkManagerInitializer"
250-->[androidx.work:work-runtime:2.6.0] AndroidManifest.xml:37:17-68
251                android:value="androidx.startup" />
251-->[androidx.work:work-runtime:2.6.0] AndroidManifest.xml:38:17-49
252        </provider>
253
254        <service
254-->[androidx.work:work-runtime:2.6.0] AndroidManifest.xml:41:9-46:35
255            android:name="androidx.work.impl.background.systemalarm.SystemAlarmService"
255-->[androidx.work:work-runtime:2.6.0] AndroidManifest.xml:42:13-88
256            android:directBootAware="false"
256-->[androidx.work:work-runtime:2.6.0] AndroidManifest.xml:43:13-44
257            android:enabled="@bool/enable_system_alarm_service_default"
257-->[androidx.work:work-runtime:2.6.0] AndroidManifest.xml:44:13-72
258            android:exported="false" />
258-->[androidx.work:work-runtime:2.6.0] AndroidManifest.xml:45:13-37
259        <service
259-->[androidx.work:work-runtime:2.6.0] AndroidManifest.xml:47:9-53:35
260            android:name="androidx.work.impl.background.systemjob.SystemJobService"
260-->[androidx.work:work-runtime:2.6.0] AndroidManifest.xml:48:13-84
261            android:directBootAware="false"
261-->[androidx.work:work-runtime:2.6.0] AndroidManifest.xml:49:13-44
262            android:enabled="@bool/enable_system_job_service_default"
262-->[androidx.work:work-runtime:2.6.0] AndroidManifest.xml:50:13-70
263            android:exported="true"
263-->[androidx.work:work-runtime:2.6.0] AndroidManifest.xml:51:13-36
264            android:permission="android.permission.BIND_JOB_SERVICE" />
264-->[androidx.work:work-runtime:2.6.0] AndroidManifest.xml:52:13-69
265        <service
265-->[androidx.work:work-runtime:2.6.0] AndroidManifest.xml:54:9-59:35
266            android:name="androidx.work.impl.foreground.SystemForegroundService"
266-->[androidx.work:work-runtime:2.6.0] AndroidManifest.xml:55:13-81
267            android:directBootAware="false"
267-->[androidx.work:work-runtime:2.6.0] AndroidManifest.xml:56:13-44
268            android:enabled="@bool/enable_system_foreground_service_default"
268-->[androidx.work:work-runtime:2.6.0] AndroidManifest.xml:57:13-77
269            android:exported="false" />
269-->[androidx.work:work-runtime:2.6.0] AndroidManifest.xml:58:13-37
270
271        <receiver
271-->[androidx.work:work-runtime:2.6.0] AndroidManifest.xml:61:9-66:35
272            android:name="androidx.work.impl.utils.ForceStopRunnable$BroadcastReceiver"
272-->[androidx.work:work-runtime:2.6.0] AndroidManifest.xml:62:13-88
273            android:directBootAware="false"
273-->[androidx.work:work-runtime:2.6.0] AndroidManifest.xml:63:13-44
274            android:enabled="true"
274-->[androidx.work:work-runtime:2.6.0] AndroidManifest.xml:64:13-35
275            android:exported="false" />
275-->[androidx.work:work-runtime:2.6.0] AndroidManifest.xml:65:13-37
276        <receiver
276-->[androidx.work:work-runtime:2.6.0] AndroidManifest.xml:67:9-77:20
277            android:name="androidx.work.impl.background.systemalarm.ConstraintProxy$BatteryChargingProxy"
277-->[androidx.work:work-runtime:2.6.0] AndroidManifest.xml:68:13-106
278            android:directBootAware="false"
278-->[androidx.work:work-runtime:2.6.0] AndroidManifest.xml:69:13-44
279            android:enabled="false"
279-->[androidx.work:work-runtime:2.6.0] AndroidManifest.xml:70:13-36
280            android:exported="false" >
280-->[androidx.work:work-runtime:2.6.0] AndroidManifest.xml:71:13-37
281            <intent-filter>
281-->[androidx.work:work-runtime:2.6.0] AndroidManifest.xml:73:13-76:29
282                <action android:name="android.intent.action.ACTION_POWER_CONNECTED" />